{"level":"info","message":"⌛ Building environment","timeElapsed":115,"timestamp":"2024-05-25T21:36:59.405Z"}
{"level":"info","message":"onRequest - WORKSPACE_URI:file:///home/dodain/workspace/wollok-dev/wollok-workspace/migracion-proyectos/farmvilleGame","timestamp":"2024-05-25T21:36:59.408Z"}
{"level":"info","message":"⌛ Building environment","timeElapsed":145,"timestamp":"2024-05-25T21:37:03.465Z"}
{"level":"info","message":"onRequest - WORKSPACE_URI:file:///home/dodain/workspace/wollok-dev/wollok-workspace/migracion-proyectos/farmvilleGame","timestamp":"2024-05-25T21:37:03.467Z"}
{"level":"info","message":"onRequest - completionItem/resolve","timestamp":"2024-05-25T21:37:17.091Z"}
{"level":"info","message":"onRequest - completionItem/resolve","timestamp":"2024-05-25T21:37:17.193Z"}
{"level":"info","message":"onRequest - completionItem/resolve","timestamp":"2024-05-25T21:37:17.260Z"}
{"level":"info","message":"onRequest - completionItem/resolve","timestamp":"2024-05-25T21:37:17.320Z"}
{"level":"info","message":"⌛ Building environment","timeElapsed":188,"timestamp":"2024-05-25T21:38:46.240Z"}
{"level":"info","message":"onRequest - WORKSPACE_URI:file:///home/dodain/workspace/wollok-dev/wollok-workspace/migracion-proyectos/farmvilleGame","timestamp":"2024-05-25T21:38:46.242Z"}
{"level":"info","message":"onRequest - completionItem/resolve","timestamp":"2024-05-25T21:39:15.791Z"}
{"level":"info","message":"onRequest - completionItem/resolve","timestamp":"2024-05-25T21:39:15.933Z"}
{"level":"info","message":"onRequest - completionItem/resolve","timestamp":"2024-05-25T21:39:15.989Z"}
{"level":"info","message":"onRequest - completionItem/resolve","timestamp":"2024-05-25T21:39:16.045Z"}
{"level":"info","message":"onRequest - completionItem/resolve","timestamp":"2024-05-25T21:39:16.177Z"}
{"level":"info","message":"onRequest - completionItem/resolve","timestamp":"2024-05-25T21:39:16.226Z"}
{"level":"info","message":"onRequest - completionItem/resolve","timestamp":"2024-05-25T21:39:16.362Z"}
{"level":"error","message":"✘ Completions for node failed: Error: [NamedArgument]{d11271} at granjero.wlk:10 exhausted all cases without a match [NamedArgument]{d11271} at granjero.wlk:10 exhausted all cases without a match","stack":"Error: [NamedArgument]{d11271} at granjero.wlk:10 exhausted all cases without a match\n    at /home/dodain/.vscode/extensions/uqbar.wollok-lsp-ide-0.3.1/node_modules/wollok-ts/dist/extensions.js:85:11\n    at completionsForNode (/home/dodain/.vscode/extensions/uqbar.wollok-lsp-ide-0.3.1/server/out/functionalities/autocomplete/node-completion.js:10:44)\n    at completeForParent (/home/dodain/.vscode/extensions/uqbar.wollok-lsp-ide-0.3.1/server/out/functionalities/autocomplete/node-completion.js:50:43)\n    at completeReference (/home/dodain/.vscode/extensions/uqbar.wollok-lsp-ide-0.3.1/server/out/functionalities/autocomplete/node-completion.js:58:135)\n    at /home/dodain/.vscode/extensions/uqbar.wollok-lsp-ide-0.3.1/node_modules/wollok-ts/dist/extensions.js:84:20\n    at completionsForNode (/home/dodain/.vscode/extensions/uqbar.wollok-lsp-ide-0.3.1/server/out/functionalities/autocomplete/node-completion.js:10:44)\n    at /home/dodain/.vscode/extensions/uqbar.wollok-lsp-ide-0.3.1/server/out/functionalities/autocomplete/autocomplete.js:22:154\n    at /home/dodain/.vscode/extensions/uqbar.wollok-lsp-ide-0.3.1/server/out/server.js:198:20\n    at /home/dodain/.vscode/extensions/uqbar.wollok-lsp-ide-0.3.1/server/node_modules/vscode-languageserver/lib/common/server.js:593:20\n    at handleRequest (/home/dodain/.vscode/extensions/uqbar.wollok-lsp-ide-0.3.1/server/node_modules/vscode-jsonrpc/lib/common/connection.js:493:41)","timestamp":"2024-05-25T21:39:16.988Z"}
{"level":"info","message":"onRequest - completionItem/resolve","timestamp":"2024-05-25T21:39:17.389Z"}
{"level":"info","message":"onRequest - completionItem/resolve","timestamp":"2024-05-25T21:39:30.079Z"}
{"level":"info","message":"onRequest - completionItem/resolve","timestamp":"2024-05-25T21:39:30.145Z"}
{"level":"info","message":"onRequest - completionItem/resolve","timestamp":"2024-05-25T21:39:30.287Z"}
{"level":"info","message":"onRequest - completionItem/resolve","timestamp":"2024-05-25T21:39:30.338Z"}
{"level":"info","message":"onRequest - completionItem/resolve","timestamp":"2024-05-25T21:39:30.610Z"}
{"level":"info","message":"onRequest - completionItem/resolve","timestamp":"2024-05-25T21:39:30.716Z"}
{"level":"info","message":"onRequest - completionItem/resolve","timestamp":"2024-05-25T21:39:30.846Z"}
{"level":"info","message":"onRequest - completionItem/resolve","timestamp":"2024-05-25T21:39:31.992Z"}
{"level":"error","message":"✘ Completions for node failed: Error: [Send]{8ab571} at granjero.wlk:23 exhausted all cases without a match [Send]{8ab571} at granjero.wlk:23 exhausted all cases without a match","stack":"Error: [Send]{8ab571} at granjero.wlk:23 exhausted all cases without a match\n    at /home/dodain/.vscode/extensions/uqbar.wollok-lsp-ide-0.3.1/node_modules/wollok-ts/dist/extensions.js:85:11\n    at completionsForNode (/home/dodain/.vscode/extensions/uqbar.wollok-lsp-ide-0.3.1/server/out/functionalities/autocomplete/node-completion.js:10:44)\n    at completeForParent (/home/dodain/.vscode/extensions/uqbar.wollok-lsp-ide-0.3.1/server/out/functionalities/autocomplete/node-completion.js:50:43)\n    at completeReference (/home/dodain/.vscode/extensions/uqbar.wollok-lsp-ide-0.3.1/server/out/functionalities/autocomplete/node-completion.js:58:135)\n    at /home/dodain/.vscode/extensions/uqbar.wollok-lsp-ide-0.3.1/node_modules/wollok-ts/dist/extensions.js:84:20\n    at completionsForNode (/home/dodain/.vscode/extensions/uqbar.wollok-lsp-ide-0.3.1/server/out/functionalities/autocomplete/node-completion.js:10:44)\n    at /home/dodain/.vscode/extensions/uqbar.wollok-lsp-ide-0.3.1/server/out/functionalities/autocomplete/autocomplete.js:22:154\n    at /home/dodain/.vscode/extensions/uqbar.wollok-lsp-ide-0.3.1/server/out/server.js:198:20\n    at /home/dodain/.vscode/extensions/uqbar.wollok-lsp-ide-0.3.1/server/node_modules/vscode-languageserver/lib/common/server.js:593:20\n    at handleRequest (/home/dodain/.vscode/extensions/uqbar.wollok-lsp-ide-0.3.1/server/node_modules/vscode-jsonrpc/lib/common/connection.js:493:41)","timestamp":"2024-05-25T21:39:34.354Z"}
{"level":"info","message":"onRequest - completionItem/resolve","timestamp":"2024-05-25T21:39:34.441Z"}
{"level":"info","message":"onRequest - completionItem/resolve","timestamp":"2024-05-25T21:39:34.496Z"}
{"level":"info","message":"onRequest - completionItem/resolve","timestamp":"2024-05-25T21:39:35.249Z"}
{"level":"info","message":"onRequest - completionItem/resolve","timestamp":"2024-05-25T21:39:40.665Z"}
{"level":"info","message":"onRequest - completionItem/resolve","timestamp":"2024-05-25T21:39:40.794Z"}
{"level":"info","message":"onRequest - completionItem/resolve","timestamp":"2024-05-25T21:39:40.861Z"}
{"level":"info","message":"onRequest - completionItem/resolve","timestamp":"2024-05-25T21:39:40.924Z"}
{"level":"info","message":"onRequest - completionItem/resolve","timestamp":"2024-05-25T21:39:41.117Z"}
{"level":"info","message":"onRequest - completionItem/resolve","timestamp":"2024-05-25T21:39:41.169Z"}
{"level":"info","message":"onRequest - completionItem/resolve","timestamp":"2024-05-25T21:39:41.299Z"}
{"level":"error","message":"✘ Completions for node failed: Error: [NamedArgument]{0083e3} at granjero.wlk:10 exhausted all cases without a match [NamedArgument]{0083e3} at granjero.wlk:10 exhausted all cases without a match","stack":"Error: [NamedArgument]{0083e3} at granjero.wlk:10 exhausted all cases without a match\n    at /home/dodain/.vscode/extensions/uqbar.wollok-lsp-ide-0.3.1/node_modules/wollok-ts/dist/extensions.js:85:11\n    at completionsForNode (/home/dodain/.vscode/extensions/uqbar.wollok-lsp-ide-0.3.1/server/out/functionalities/autocomplete/node-completion.js:10:44)\n    at completeForParent (/home/dodain/.vscode/extensions/uqbar.wollok-lsp-ide-0.3.1/server/out/functionalities/autocomplete/node-completion.js:50:43)\n    at completeReference (/home/dodain/.vscode/extensions/uqbar.wollok-lsp-ide-0.3.1/server/out/functionalities/autocomplete/node-completion.js:58:135)\n    at /home/dodain/.vscode/extensions/uqbar.wollok-lsp-ide-0.3.1/node_modules/wollok-ts/dist/extensions.js:84:20\n    at completionsForNode (/home/dodain/.vscode/extensions/uqbar.wollok-lsp-ide-0.3.1/server/out/functionalities/autocomplete/node-completion.js:10:44)\n    at /home/dodain/.vscode/extensions/uqbar.wollok-lsp-ide-0.3.1/server/out/functionalities/autocomplete/autocomplete.js:22:154\n    at /home/dodain/.vscode/extensions/uqbar.wollok-lsp-ide-0.3.1/server/out/server.js:198:20\n    at /home/dodain/.vscode/extensions/uqbar.wollok-lsp-ide-0.3.1/server/node_modules/vscode-languageserver/lib/common/server.js:593:20\n    at handleRequest (/home/dodain/.vscode/extensions/uqbar.wollok-lsp-ide-0.3.1/server/node_modules/vscode-jsonrpc/lib/common/connection.js:493:41)","timestamp":"2024-05-25T21:39:41.990Z"}
{"level":"info","message":"onRequest - completionItem/resolve","timestamp":"2024-05-25T21:39:42.223Z"}
{"level":"info","message":"onRequest - completionItem/resolve","timestamp":"2024-05-25T21:39:42.348Z"}
{"level":"info","message":"onRequest - completionItem/resolve","timestamp":"2024-05-25T21:39:42.466Z"}
{"level":"info","message":"onRequest - completionItem/resolve","timestamp":"2024-05-25T21:39:42.517Z"}
{"level":"info","message":"onRequest - completionItem/resolve","timestamp":"2024-05-25T21:39:42.637Z"}
{"level":"info","message":"onRequest - completionItem/resolve","timestamp":"2024-05-25T21:39:52.792Z"}
{"level":"error","message":"✘ Completions for node failed: Error: [Parameter]{36764a} at granjero.wlk:37 exhausted all cases without a match [Parameter]{36764a} at granjero.wlk:37 exhausted all cases without a match","stack":"Error: [Parameter]{36764a} at granjero.wlk:37 exhausted all cases without a match\n    at /home/dodain/.vscode/extensions/uqbar.wollok-lsp-ide-0.3.1/node_modules/wollok-ts/dist/extensions.js:85:11\n    at completionsForNode (/home/dodain/.vscode/extensions/uqbar.wollok-lsp-ide-0.3.1/server/out/functionalities/autocomplete/node-completion.js:10:44)\n    at /home/dodain/.vscode/extensions/uqbar.wollok-lsp-ide-0.3.1/server/out/functionalities/autocomplete/autocomplete.js:22:154\n    at /home/dodain/.vscode/extensions/uqbar.wollok-lsp-ide-0.3.1/server/out/server.js:198:20\n    at /home/dodain/.vscode/extensions/uqbar.wollok-lsp-ide-0.3.1/server/node_modules/vscode-languageserver/lib/common/server.js:593:20\n    at handleRequest (/home/dodain/.vscode/extensions/uqbar.wollok-lsp-ide-0.3.1/server/node_modules/vscode-jsonrpc/lib/common/connection.js:493:41)\n    at handleMessage (/home/dodain/.vscode/extensions/uqbar.wollok-lsp-ide-0.3.1/server/node_modules/vscode-jsonrpc/lib/common/connection.js:339:13)\n    at processMessageQueue (/home/dodain/.vscode/extensions/uqbar.wollok-lsp-ide-0.3.1/server/node_modules/vscode-jsonrpc/lib/common/connection.js:362:17)\n    at Immediate._onImmediate (/home/dodain/.vscode/extensions/uqbar.wollok-lsp-ide-0.3.1/server/node_modules/vscode-jsonrpc/lib/common/connection.js:334:13)\n    at process.processImmediate (node:internal/timers:476:21)","timestamp":"2024-05-25T21:40:15.268Z"}
{"level":"info","message":"onRequest - completionItem/resolve","timestamp":"2024-05-25T21:40:15.352Z"}
{"level":"error","message":"✘ Completions for node failed: Error: [Parameter]{850b6c} at granjero.wlk:37 exhausted all cases without a match [Parameter]{850b6c} at granjero.wlk:37 exhausted all cases without a match","stack":"Error: [Parameter]{850b6c} at granjero.wlk:37 exhausted all cases without a match\n    at /home/dodain/.vscode/extensions/uqbar.wollok-lsp-ide-0.3.1/node_modules/wollok-ts/dist/extensions.js:85:11\n    at completionsForNode (/home/dodain/.vscode/extensions/uqbar.wollok-lsp-ide-0.3.1/server/out/functionalities/autocomplete/node-completion.js:10:44)\n    at /home/dodain/.vscode/extensions/uqbar.wollok-lsp-ide-0.3.1/server/out/functionalities/autocomplete/autocomplete.js:22:154\n    at /home/dodain/.vscode/extensions/uqbar.wollok-lsp-ide-0.3.1/server/out/server.js:198:20\n    at /home/dodain/.vscode/extensions/uqbar.wollok-lsp-ide-0.3.1/server/node_modules/vscode-languageserver/lib/common/server.js:593:20\n    at handleRequest (/home/dodain/.vscode/extensions/uqbar.wollok-lsp-ide-0.3.1/server/node_modules/vscode-jsonrpc/lib/common/connection.js:493:41)\n    at handleMessage (/home/dodain/.vscode/extensions/uqbar.wollok-lsp-ide-0.3.1/server/node_modules/vscode-jsonrpc/lib/common/connection.js:339:13)\n    at processMessageQueue (/home/dodain/.vscode/extensions/uqbar.wollok-lsp-ide-0.3.1/server/node_modules/vscode-jsonrpc/lib/common/connection.js:362:17)\n    at Immediate._onImmediate (/home/dodain/.vscode/extensions/uqbar.wollok-lsp-ide-0.3.1/server/node_modules/vscode-jsonrpc/lib/common/connection.js:334:13)\n    at process.processImmediate (node:internal/timers:476:21)","timestamp":"2024-05-25T21:40:15.444Z"}
{"level":"error","message":"✘ Completions for node failed: Error: [Send]{22bc03} at nivel.wlk:12 exhausted all cases without a match [Send]{22bc03} at nivel.wlk:12 exhausted all cases without a match","stack":"Error: [Send]{22bc03} at nivel.wlk:12 exhausted all cases without a match\n    at /home/dodain/.vscode/extensions/uqbar.wollok-lsp-ide-0.3.1/node_modules/wollok-ts/dist/extensions.js:85:11\n    at completionsForNode (/home/dodain/.vscode/extensions/uqbar.wollok-lsp-ide-0.3.1/server/out/functionalities/autocomplete/node-completion.js:10:44)\n    at /home/dodain/.vscode/extensions/uqbar.wollok-lsp-ide-0.3.1/server/out/functionalities/autocomplete/autocomplete.js:22:154\n    at /home/dodain/.vscode/extensions/uqbar.wollok-lsp-ide-0.3.1/server/out/server.js:198:20\n    at /home/dodain/.vscode/extensions/uqbar.wollok-lsp-ide-0.3.1/server/node_modules/vscode-languageserver/lib/common/server.js:593:20\n    at handleRequest (/home/dodain/.vscode/extensions/uqbar.wollok-lsp-ide-0.3.1/server/node_modules/vscode-jsonrpc/lib/common/connection.js:493:41)\n    at handleMessage (/home/dodain/.vscode/extensions/uqbar.wollok-lsp-ide-0.3.1/server/node_modules/vscode-jsonrpc/lib/common/connection.js:339:13)\n    at processMessageQueue (/home/dodain/.vscode/extensions/uqbar.wollok-lsp-ide-0.3.1/server/node_modules/vscode-jsonrpc/lib/common/connection.js:362:17)\n    at Immediate._onImmediate (/home/dodain/.vscode/extensions/uqbar.wollok-lsp-ide-0.3.1/server/node_modules/vscode-jsonrpc/lib/common/connection.js:334:13)\n    at process.processImmediate (node:internal/timers:476:21)","timestamp":"2024-05-25T21:40:42.913Z"}
{"error":["wollok.lang.MessageNotUnderstoodException: 1@0 does not understand drawElement(arg 0)","  at arbustos.Arbusto.dibujar() [arbustos.wlk:6]","  at nivel.nivel.configurate() [nivel.wlk:7]","  at pgmGame.farmville [pgmGame.wpgm:4]"],"level":"info","message":"👾 Game executed pgmGame.farmville on /home/dodain/workspace/wollok-dev/wollok-workspace/migracion-proyectos/farmvilleGame","ok":false,"timeElapsed":362,"timestamp":"2024-05-25T21:41:03.953Z"}
{"level":"info","message":"onRequest - completionItem/resolve","timestamp":"2024-05-25T21:41:18.124Z"}
{"level":"info","message":"onRequest - completionItem/resolve","timestamp":"2024-05-25T21:41:18.178Z"}
{"level":"info","message":"onRequest - completionItem/resolve","timestamp":"2024-05-25T21:41:18.336Z"}
{"level":"info","message":"onRequest - completionItem/resolve","timestamp":"2024-05-25T21:41:18.828Z"}
{"level":"info","message":"onRequest - completionItem/resolve","timestamp":"2024-05-25T21:41:18.910Z"}
{"level":"info","message":"onRequest - completionItem/resolve","timestamp":"2024-05-25T21:41:19.062Z"}
{"level":"info","message":"onRequest - completionItem/resolve","timestamp":"2024-05-25T21:41:19.379Z"}
{"level":"error","message":"✘ Completions for node failed: Error: [Send]{45e51d} at arbustos.wlk:7 exhausted all cases without a match [Send]{45e51d} at arbustos.wlk:7 exhausted all cases without a match","stack":"Error: [Send]{45e51d} at arbustos.wlk:7 exhausted all cases without a match\n    at /home/dodain/.vscode/extensions/uqbar.wollok-lsp-ide-0.3.1/node_modules/wollok-ts/dist/extensions.js:85:11\n    at completionsForNode (/home/dodain/.vscode/extensions/uqbar.wollok-lsp-ide-0.3.1/server/out/functionalities/autocomplete/node-completion.js:10:44)\n    at completeForParent (/home/dodain/.vscode/extensions/uqbar.wollok-lsp-ide-0.3.1/server/out/functionalities/autocomplete/node-completion.js:50:43)\n    at completeReference (/home/dodain/.vscode/extensions/uqbar.wollok-lsp-ide-0.3.1/server/out/functionalities/autocomplete/node-completion.js:58:135)\n    at /home/dodain/.vscode/extensions/uqbar.wollok-lsp-ide-0.3.1/node_modules/wollok-ts/dist/extensions.js:84:20\n    at completionsForNode (/home/dodain/.vscode/extensions/uqbar.wollok-lsp-ide-0.3.1/server/out/functionalities/autocomplete/node-completion.js:10:44)\n    at /home/dodain/.vscode/extensions/uqbar.wollok-lsp-ide-0.3.1/server/out/functionalities/autocomplete/autocomplete.js:22:154\n    at /home/dodain/.vscode/extensions/uqbar.wollok-lsp-ide-0.3.1/server/out/server.js:198:20\n    at /home/dodain/.vscode/extensions/uqbar.wollok-lsp-ide-0.3.1/server/node_modules/vscode-languageserver/lib/common/server.js:593:20\n    at handleRequest (/home/dodain/.vscode/extensions/uqbar.wollok-lsp-ide-0.3.1/server/node_modules/vscode-jsonrpc/lib/common/connection.js:493:41)","timestamp":"2024-05-25T21:41:22.463Z"}
{"level":"info","message":"onRequest - completionItem/resolve","timestamp":"2024-05-25T21:41:22.593Z"}
{"level":"info","message":"onRequest - completionItem/resolve","timestamp":"2024-05-25T21:41:22.645Z"}
{"level":"info","message":"onRequest - completionItem/resolve","timestamp":"2024-05-25T21:41:22.841Z"}
{"exitCode":"SIGHUP","level":"info","message":"👾 Game executed pgmGame.farmville on /home/dodain/workspace/wollok-dev/wollok-workspace/migracion-proyectos/farmvilleGame","timeElapsed":33939,"timestamp":"2024-05-25T21:41:37.530Z"}
{"level":"info","message":"onRequest - completionItem/resolve","timestamp":"2024-05-25T21:42:22.446Z"}
{"level":"info","message":"onRequest - completionItem/resolve","timestamp":"2024-05-25T21:42:22.577Z"}
{"level":"error","message":"✘ Completions for node failed: Error: [NamedArgument]{1ba01e} at granjero.wlk:31 exhausted all cases without a match [NamedArgument]{1ba01e} at granjero.wlk:31 exhausted all cases without a match","stack":"Error: [NamedArgument]{1ba01e} at granjero.wlk:31 exhausted all cases without a match\n    at /home/dodain/.vscode/extensions/uqbar.wollok-lsp-ide-0.3.1/node_modules/wollok-ts/dist/extensions.js:85:11\n    at completionsForNode (/home/dodain/.vscode/extensions/uqbar.wollok-lsp-ide-0.3.1/server/out/functionalities/autocomplete/node-completion.js:10:44)\n    at completeForParent (/home/dodain/.vscode/extensions/uqbar.wollok-lsp-ide-0.3.1/server/out/functionalities/autocomplete/node-completion.js:50:43)\n    at completeReference (/home/dodain/.vscode/extensions/uqbar.wollok-lsp-ide-0.3.1/server/out/functionalities/autocomplete/node-completion.js:58:135)\n    at /home/dodain/.vscode/extensions/uqbar.wollok-lsp-ide-0.3.1/node_modules/wollok-ts/dist/extensions.js:84:20\n    at completionsForNode (/home/dodain/.vscode/extensions/uqbar.wollok-lsp-ide-0.3.1/server/out/functionalities/autocomplete/node-completion.js:10:44)\n    at /home/dodain/.vscode/extensions/uqbar.wollok-lsp-ide-0.3.1/server/out/functionalities/autocomplete/autocomplete.js:22:154\n    at /home/dodain/.vscode/extensions/uqbar.wollok-lsp-ide-0.3.1/server/out/server.js:198:20\n    at /home/dodain/.vscode/extensions/uqbar.wollok-lsp-ide-0.3.1/server/node_modules/vscode-languageserver/lib/common/server.js:593:20\n    at handleRequest (/home/dodain/.vscode/extensions/uqbar.wollok-lsp-ide-0.3.1/server/node_modules/vscode-jsonrpc/lib/common/connection.js:493:41)","timestamp":"2024-05-25T21:42:28.195Z"}
{"level":"info","message":"onRequest - completionItem/resolve","timestamp":"2024-05-25T21:42:28.270Z"}
{"level":"info","message":"onRequest - completionItem/resolve","timestamp":"2024-05-25T21:42:28.332Z"}
{"level":"info","message":"onRequest - completionItem/resolve","timestamp":"2024-05-25T21:42:28.391Z"}
{"level":"info","message":"onRequest - completionItem/resolve","timestamp":"2024-05-25T21:42:28.564Z"}
{"exitCode":{"address":"::","code":"EADDRINUSE","errno":-98,"port":3000,"syscall":"listen"},"level":"info","message":"👾 Game executed pgmGame.farmville on /home/dodain/workspace/wollok-dev/wollok-workspace/migracion-proyectos/farmvilleGame","timeElapsed":534,"timestamp":"2024-05-25T21:42:37.144Z"}
{"exitCode":"SIGHUP","level":"info","message":"👾 Game executed pgmGame.farmville on /home/dodain/workspace/wollok-dev/wollok-workspace/migracion-proyectos/farmvilleGame","timeElapsed":59446,"timestamp":"2024-05-25T21:42:37.227Z"}
{"exitCode":"SIGHUP","level":"info","message":"👾 Game executed pgmGame.farmville on /home/dodain/workspace/wollok-dev/wollok-workspace/migracion-proyectos/farmvilleGame","timeElapsed":11545,"timestamp":"2024-05-25T21:42:52.925Z"}
{"exitCode":{"address":"::","code":"EADDRINUSE","errno":-98,"port":3000,"syscall":"listen"},"level":"info","message":"👾 Game executed pgmGame.farmville on /home/dodain/workspace/wollok-dev/wollok-workspace/migracion-proyectos/farmvilleGame","timeElapsed":636,"timestamp":"2024-05-25T21:45:58.193Z"}
{"exitCode":"SIGHUP","level":"info","message":"👾 Game executed pgmGame.farmville on /home/dodain/workspace/wollok-dev/wollok-workspace/migracion-proyectos/farmvilleGame","timeElapsed":184226,"timestamp":"2024-05-25T21:45:58.360Z"}
{"exitCode":"SIGHUP","level":"info","message":"👾 Game executed pgmGame.farmville on /home/dodain/workspace/wollok-dev/wollok-workspace/migracion-proyectos/farmvilleGame","timeElapsed":114022,"timestamp":"2024-05-25T21:51:25.885Z"}
{"level":"info","message":"onRequest - STRONG_FILES_CHANGED:/home/dodain/workspace/wollok-dev/wollok-workspace/migracion-proyectos/farmvilleGame/video","timestamp":"2024-05-25T21:53:19.059Z"}
{"level":"info","message":"onRequest - WORKSPACE_URI:file:///home/dodain/workspace/wollok-dev/wollok-workspace/migracion-proyectos/farmvilleGame","timestamp":"2024-05-25T21:53:19.340Z"}
{"level":"info","message":"Removing diagnostics from /home/dodain/workspace/wollok-dev/wollok-workspace/migracion-proyectos/farmvilleGame/video","timestamp":"2024-05-25T21:53:19.482Z"}
{"level":"info","message":"⌛ Building environment","timeElapsed":295,"timestamp":"2024-05-25T21:55:49.709Z"}
{"level":"info","message":"onRequest - WORKSPACE_URI:file:///home/dodain/workspace/wollok-dev/wollok-workspace/migracion-proyectos/farmvilleGame","timestamp":"2024-05-25T21:55:49.719Z"}
{"level":"info","message":"⌛ Building environment","timeElapsed":133,"timestamp":"2024-05-25T21:55:49.854Z"}
{"level":"info","message":"⌛ Building environment","timeElapsed":101,"timestamp":"2024-05-25T21:55:49.957Z"}
{"level":"info","message":"⌛ Building environment","timeElapsed":116,"timestamp":"2024-05-25T21:55:50.074Z"}
{"exitCode":"SIGHUP","level":"info","message":"👾 Game executed pgmGame.farmville on /home/dodain/workspace/wollok-dev/wollok-workspace/migracion-proyectos/farmvilleGame","timeElapsed":648220,"timestamp":"2024-05-25T22:02:15.391Z"}
{"level":"info","message":"onRequest - completionItem/resolve","timestamp":"2024-05-25T22:04:40.019Z"}
{"exitCode":"SIGHUP","level":"info","message":"👾 Game executed pgmGame.farmville on /home/dodain/workspace/wollok-dev/wollok-workspace/migracion-proyectos/farmvilleGame","timeElapsed":118864,"timestamp":"2024-05-25T22:09:02.088Z"}
{"exitCode":"SIGHUP","level":"info","message":"👾 Game executed pgmGame.farmville on /home/dodain/workspace/wollok-dev/wollok-workspace/migracion-proyectos/farmvilleGame","timeElapsed":249959,"timestamp":"2024-05-25T22:13:12.255Z"}
{"exitCode":"SIGHUP","level":"info","message":"👾 Game executed pgmGame.farmville on /home/dodain/workspace/wollok-dev/wollok-workspace/migracion-proyectos/farmvilleGame","timeElapsed":155046,"timestamp":"2024-05-25T22:15:47.504Z"}
